<?xml version="1.0" encoding="UTF-8"?>
<!-- Generated by org.testng.reporters.JUnitReportReporter -->
<testsuite hostname="EPSGSINW0531" failures="0" tests="3" name="DyanamicJsonAddBook" time="2.619" errors="0" timestamp="2021-10-28T15:30:48 SGT" skipped="0">
  <testcase classname="DyanamicJsonAddBook" name="addBook" time="0.388"/>
  <system-out/>
  <testcase classname="DyanamicJsonAddBook" name="addBook" time="1.796"/>
  <system-out/>
  <testcase classname="DyanamicJsonAddBook" name="addBook" time="0.435"/>
  <system-out/>
</testsuite> <!-- DyanamicJsonAddBook -->
