<?xml version="1.0" encoding="UTF-8"?>
<!-- Generated by org.testng.reporters.JUnitReportReporter -->
<testsuite hostname="EPSGSINW0531" failures="0" tests="1" name="SumValidation" time="3.324" errors="0" timestamp="2023-01-17T12:15:41 SGT" skipped="0">
  <testcase classname="SumValidation" name="sumOfCourses" time="3.324"/>
  <system-out/>
</testsuite> <!-- SumValidation -->
